<?xml version="1.0" encoding="UTF-8"?>
<!-- Generated by org.testng.reporters.JUnitXMLReporter -->
<testsuite ignored="0" hostname="DESKTOP-8BD0QAM" failures="0" tests="8" name="Default test" time="5.596" errors="0" timestamp="17 Nov 2022 19:45:31 GMT">
  <testcase classname="DataParameterisation.Dataparameerisatonuser" name="createUser" time="2.879"/>
  <testcase classname="DataParameterisation.Dataparameerisatonuser" name="createUser" time="0.081"/>
  <testcase classname="DataParameterisation.Dataparameerisatonuser" name="createUser" time="0.078"/>
  <testcase classname="DataParameterisation.Dataparameerisatonuser" name="createUser" time="0.099"/>
  <testcase classname="DataParameterisation.Dataparameerisatonuser" name="createUser" time="0.095"/>
  <testcase classname="DataParameterisation.Dataparameerisatonuser" name="createUser" time="0.092"/>
  <testcase classname="DataParameterisation.Dataparameerisatonuser" name="createUser" time="0.092"/>
  <testcase classname="DataParameterisation.Dataparameerisatonuser" name="createUser" time="0.063"/>
</testsuite> <!-- Default test -->
