<?xml version="1.0" encoding="UTF-8"?>
<!-- Generated by org.testng.reporters.JUnitXMLReporter -->
<testsuite ignored="0" hostname="DESKTOP-8BD0QAM" failures="0" tests="5" name="Test" time="4.039" errors="0" timestamp="14 Nov 2022 20:00:58 GMT">
  <testcase classname="testcases.TC005_Delete_Record" name="deleteuser" time="2.683"/>
  <testcase classname="testcases.TC004_Update_User" name="updateuser" time="1.008"/>
  <testcase classname="testcases.TC002_Get_Single_user" name="getsingleuser" time="0.092"/>
  <testcase classname="testcases.TC001_Get_All_Users" name="getAllUsers" time="0.073"/>
  <testcase classname="testcases.TC003_Add_User" name="adduser" time="0.11"/>
</testsuite> <!-- Test -->
