<?xml version="1.0" encoding="UTF-8"?>
<testng-results ignored="0" total="8" passed="8" failed="0" skipped="0">
  <reporter-output>
  </reporter-output>
  <suite started-at="2022-11-17T19:45:26Z" name="Default suite" finished-at="2022-11-17T19:45:31Z" duration-ms="5596">
    <groups>
    </groups>
    <test started-at="2022-11-17T19:45:26Z" name="Default test" finished-at="2022-11-17T19:45:31Z" duration-ms="5596">
      <class name="DataParameterisation.Dataparameerisatonuser">
        <test-method signature="createUser(java.lang.String, java.lang.String, java.lang.String, java.lang.String)[pri:0, instance:DataParameterisation.Dataparameerisatonuser@ed7f8b4]" started-at="2022-11-17T19:45:28Z" name="createUser" data-provider="userdataprovider" finished-at="2022-11-17T19:45:31Z" duration-ms="2879" status="PASS">
          <params>
            <param index="0">
              <value>
                <![CDATA[63]]>
              </value>
            </param>
            <param index="1">
              <value>
                <![CDATA[Tester1]]>
              </value>
            </param>
            <param index="2">
              <value>
                <![CDATA[40000]]>
              </value>
            </param>
            <param index="3">
              <value>
                <![CDATA[23]]>
              </value>
            </param>
          </params>
          <reporter-output>
          </reporter-output>
        </test-method> <!-- createUser -->
        <test-method signature="createUser(java.lang.String, java.lang.String, java.lang.String, java.lang.String)[pri:0, instance:DataParameterisation.Dataparameerisatonuser@ed7f8b4]" started-at="2022-11-17T19:45:31Z" name="createUser" data-provider="userdataprovider" finished-at="2022-11-17T19:45:31Z" duration-ms="81" status="PASS">
          <params>
            <param index="0">
              <value>
                <![CDATA[64]]>
              </value>
            </param>
            <param index="1">
              <value>
                <![CDATA[Tester2]]>
              </value>
            </param>
            <param index="2">
              <value>
                <![CDATA[50000]]>
              </value>
            </param>
            <param index="3">
              <value>
                <![CDATA[24]]>
              </value>
            </param>
          </params>
          <reporter-output>
          </reporter-output>
        </test-method> <!-- createUser -->
        <test-method signature="createUser(java.lang.String, java.lang.String, java.lang.String, java.lang.String)[pri:0, instance:DataParameterisation.Dataparameerisatonuser@ed7f8b4]" started-at="2022-11-17T19:45:31Z" name="createUser" data-provider="userdataprovider" finished-at="2022-11-17T19:45:31Z" duration-ms="78" status="PASS">
          <params>
            <param index="0">
              <value>
                <![CDATA[65]]>
              </value>
            </param>
            <param index="1">
              <value>
                <![CDATA[Tester3]]>
              </value>
            </param>
            <param index="2">
              <value>
                <![CDATA[60000]]>
              </value>
            </param>
            <param index="3">
              <value>
                <![CDATA[25]]>
              </value>
            </param>
          </params>
          <reporter-output>
          </reporter-output>
        </test-method> <!-- createUser -->
        <test-method signature="createUser(java.lang.String, java.lang.String, java.lang.String, java.lang.String)[pri:0, instance:DataParameterisation.Dataparameerisatonuser@ed7f8b4]" started-at="2022-11-17T19:45:31Z" name="createUser" data-provider="userdataprovider" finished-at="2022-11-17T19:45:31Z" duration-ms="99" status="PASS">
          <params>
            <param index="0">
              <value>
                <![CDATA[66]]>
              </value>
            </param>
            <param index="1">
              <value>
                <![CDATA[Tester4]]>
              </value>
            </param>
            <param index="2">
              <value>
                <![CDATA[70000]]>
              </value>
            </param>
            <param index="3">
              <value>
                <![CDATA[26]]>
              </value>
            </param>
          </params>
          <reporter-output>
          </reporter-output>
        </test-method> <!-- createUser -->
        <test-method signature="createUser(java.lang.String, java.lang.String, java.lang.String, java.lang.String)[pri:0, instance:DataParameterisation.Dataparameerisatonuser@ed7f8b4]" started-at="2022-11-17T19:45:31Z" name="createUser" data-provider="userdataprovider" finished-at="2022-11-17T19:45:31Z" duration-ms="95" status="PASS">
          <params>
            <param index="0">
              <value>
                <![CDATA[67]]>
              </value>
            </param>
            <param index="1">
              <value>
                <![CDATA[Tester5]]>
              </value>
            </param>
            <param index="2">
              <value>
                <![CDATA[80000]]>
              </value>
            </param>
            <param index="3">
              <value>
                <![CDATA[27]]>
              </value>
            </param>
          </params>
          <reporter-output>
          </reporter-output>
        </test-method> <!-- createUser -->
        <test-method signature="createUser(java.lang.String, java.lang.String, java.lang.String, java.lang.String)[pri:0, instance:DataParameterisation.Dataparameerisatonuser@ed7f8b4]" started-at="2022-11-17T19:45:31Z" name="createUser" data-provider="userdataprovider" finished-at="2022-11-17T19:45:31Z" duration-ms="92" status="PASS">
          <params>
            <param index="0">
              <value>
                <![CDATA[68]]>
              </value>
            </param>
            <param index="1">
              <value>
                <![CDATA[Tester6]]>
              </value>
            </param>
            <param index="2">
              <value>
                <![CDATA[90000]]>
              </value>
            </param>
            <param index="3">
              <value>
                <![CDATA[28]]>
              </value>
            </param>
          </params>
          <reporter-output>
          </reporter-output>
        </test-method> <!-- createUser -->
        <test-method signature="createUser(java.lang.String, java.lang.String, java.lang.String, java.lang.String)[pri:0, instance:DataParameterisation.Dataparameerisatonuser@ed7f8b4]" started-at="2022-11-17T19:45:31Z" name="createUser" data-provider="userdataprovider" finished-at="2022-11-17T19:45:31Z" duration-ms="92" status="PASS">
          <params>
            <param index="0">
              <value>
                <![CDATA[69]]>
              </value>
            </param>
            <param index="1">
              <value>
                <![CDATA[Tester7]]>
              </value>
            </param>
            <param index="2">
              <value>
                <![CDATA[100000]]>
              </value>
            </param>
            <param index="3">
              <value>
                <![CDATA[29]]>
              </value>
            </param>
          </params>
          <reporter-output>
          </reporter-output>
        </test-method> <!-- createUser -->
        <test-method signature="createUser(java.lang.String, java.lang.String, java.lang.String, java.lang.String)[pri:0, instance:DataParameterisation.Dataparameerisatonuser@ed7f8b4]" started-at="2022-11-17T19:45:31Z" name="createUser" data-provider="userdataprovider" finished-at="2022-11-17T19:45:31Z" duration-ms="63" status="PASS">
          <params>
            <param index="0">
              <value>
                <![CDATA[70]]>
              </value>
            </param>
            <param index="1">
              <value>
                <![CDATA[Tester8]]>
              </value>
            </param>
            <param index="2">
              <value>
                <![CDATA[110000]]>
              </value>
            </param>
            <param index="3">
              <value>
                <![CDATA[30]]>
              </value>
            </param>
          </params>
          <reporter-output>
          </reporter-output>
        </test-method> <!-- createUser -->
      </class> <!-- DataParameterisation.Dataparameerisatonuser -->
    </test> <!-- Default test -->
  </suite> <!-- Default suite -->
</testng-results>
